Thu, 26 Mar 2020 16:43:02 GMT - Info - Server is running on port: 3030
Thu, 26 Mar 2020 16:53:12 GMT - Info - Server is running on port: 3030
Thu, 26 Mar 2020 16:54:40 GMT - Info - Server is running on port: 3030
Thu, 26 Mar 2020 16:56:23 GMT - Info - Server is running on port: 3030
Thu, 26 Mar 2020 16:57:15 GMT - Info - Server is running on port: 3030
Fri, 27 Mar 2020 11:21:59 GMT - Info - Server is running on port: 3030
Fri, 27 Mar 2020 11:42:02 GMT - Info - Server is running on port: 3030
Fri, 27 Mar 2020 15:28:31 GMT - Info - Server is running on port: 3030
Fri, 27 Mar 2020 17:19:53 GMT - Info - Server is running on port: 3030
Fri, 27 Mar 2020 18:56:28 GMT - Info - Server is running on port: 3030
Fri, 27 Mar 2020 18:59:47 GMT - Info - Server is running on port: 3030
Fri, 27 Mar 2020 19:03:03 GMT - Info - Server is running on port: 3030
Fri, 27 Mar 2020 23:09:42 GMT - Info - Server is running on port: 3030
Fri, 27 Mar 2020 23:12:50 GMT - Info - Server is running on port: 3030
Fri, 27 Mar 2020 23:20:05 GMT - Info - Server is running on port: 3030
Sat, 28 Mar 2020 08:44:41 GMT - Info - Server is running on port: 3030
Sat, 28 Mar 2020 08:45:44 GMT - Info - Server is running on port: 3030
Sat, 28 Mar 2020 08:53:45 GMT - Info - Server is running on port: 3030
Sat, 28 Mar 2020 08:58:04 GMT - Info - Server is running on port: 3030
Sat, 28 Mar 2020 08:59:05 GMT - Info - Server is running on port: 3030
Sat, 28 Mar 2020 09:01:16 GMT - Info - Server is running on port: 3030
Sat, 28 Mar 2020 09:03:02 GMT - Info - Server is running on port: 3030
Sat, 28 Mar 2020 09:05:33 GMT - Info - Server is running on port: 3030
Sat, 28 Mar 2020 09:07:07 GMT - Info - Server is running on port: 3030
Sat, 28 Mar 2020 09:07:51 GMT - Info - Server is running on port: 3030
Sat, 28 Mar 2020 12:55:11 GMT - Info - Server is running on port: 3030
Sat, 28 Mar 2020 13:03:17 GMT - Info - Server is running on port: 3030
Sat, 28 Mar 2020 13:07:01 GMT - Info - Server is running on port: 3030
Sat, 28 Mar 2020 13:08:03 GMT - Info - Server is running on port: 3030
Sat, 28 Mar 2020 13:08:11 GMT - Debug - auth.service - login with email: shakedkt
Sat, 28 Mar 2020 13:09:32 GMT - Info - Server is running on port: 3030
Sat, 28 Mar 2020 13:10:13 GMT - Debug - auth.service - login with email: shakedkt
Sat, 28 Mar 2020 13:11:17 GMT - Debug - auth.service - login with email: shakedkt
Sat, 28 Mar 2020 13:11:42 GMT - Info - Server is running on port: 3030
Sat, 28 Mar 2020 13:11:59 GMT - Debug - auth.service - login with email: shakedkt
Sat, 28 Mar 2020 13:15:06 GMT - Info - Server is running on port: 3030
Sat, 28 Mar 2020 13:15:14 GMT - Debug - auth.service - login with email: shakedkt
Sat, 28 Mar 2020 13:16:33 GMT - Info - Server is running on port: 3030
Sat, 28 Mar 2020 13:16:41 GMT - Debug - auth.service - login with email: shakedkt
Sat, 28 Mar 2020 13:17:47 GMT - Debug - auth.service - login with email: shakedkt
Sat, 28 Mar 2020 13:18:49 GMT - Info - Server is running on port: 3030
Sat, 28 Mar 2020 13:19:00 GMT - Debug - auth.service - login with email: shakedkt
Sat, 28 Mar 2020 13:23:20 GMT - Debug - auth.service - login with email: shakedkt
Sat, 28 Mar 2020 13:26:06 GMT - Info - Server is running on port: 3030
Sat, 28 Mar 2020 13:26:26 GMT - Debug - auth.service - login with email: shakedkt
Sat, 28 Mar 2020 13:31:23 GMT - Info - Server is running on port: 3030
Sat, 28 Mar 2020 13:31:36 GMT - Debug - auth.service - login with email: shakedkt
Sat, 28 Mar 2020 14:07:01 GMT - Debug - auth.service - login with email: shakedkt
Sat, 28 Mar 2020 14:07:10 GMT - Info - Server is running on port: 3030
Sat, 28 Mar 2020 14:07:21 GMT - Debug - auth.service - login with email: shakedkt
Sat, 28 Mar 2020 14:07:37 GMT - Debug - auth.service - login with email: shakedkt
Sat, 28 Mar 2020 14:11:56 GMT - Debug - auth.service - login with email: shakedkt
Sat, 28 Mar 2020 14:12:25 GMT - Debug - auth.service - login with email: sds
Sat, 28 Mar 2020 14:17:31 GMT - Debug - auth.service - login with email: zz
Sat, 28 Mar 2020 14:18:37 GMT - Debug - auth.service - login with email: aaa
Sat, 28 Mar 2020 14:18:47 GMT - Debug - auth.service - login with email: shakedkt
Sat, 28 Mar 2020 14:48:39 GMT - Debug - auth.service - login with email: shakedkt
Sat, 28 Mar 2020 14:57:35 GMT - Debug - auth.service - login with email: shakedkt
Sat, 28 Mar 2020 15:08:00 GMT - Debug - auth.service - login with email: shakedkt
Sat, 28 Mar 2020 15:12:56 GMT - Debug - auth.service - login with email: shakedkt
Sat, 28 Mar 2020 15:14:54 GMT - Debug - auth.service - login with email: shakedkt
Sat, 28 Mar 2020 15:46:40 GMT - Debug - auth.service - login with email: shakedkt
Sat, 28 Mar 2020 15:51:56 GMT - Debug - auth.service - login with email: shakedkt
Sat, 28 Mar 2020 16:12:46 GMT - Debug - auth.service - login with email: shakedkt
Sat, 28 Mar 2020 17:05:21 GMT - Info - Server is running on port: 3030
Sat, 28 Mar 2020 17:08:09 GMT - Debug - auth.service - login with email: shakedkt
Sat, 28 Mar 2020 18:27:42 GMT - Info - Server is running on port: 3030
Sat, 28 Mar 2020 18:29:19 GMT - Info - Server is running on port: 3030
Sat, 28 Mar 2020 18:36:01 GMT - Info - Server is running on port: 3030
Sat, 28 Mar 2020 18:41:58 GMT - Info - Server is running on port: 3030
Sat, 28 Mar 2020 18:43:50 GMT - Info - Server is running on port: 3030
Sat, 28 Mar 2020 18:55:34 GMT - Debug - auth.service - login with email: shakedkt
Sat, 28 Mar 2020 19:03:48 GMT - Info - Server is running on port: 3030
Sat, 28 Mar 2020 19:10:06 GMT - Info - Server is running on port: 3030
Sat, 28 Mar 2020 19:14:28 GMT - Info - Server is running on port: 3030
Sat, 28 Mar 2020 19:15:27 GMT - Info - Server is running on port: 3030
Sat, 28 Mar 2020 19:16:57 GMT - Info - Server is running on port: 3030
Sat, 28 Mar 2020 19:20:16 GMT - Info - Server is running on port: 3030
Sat, 28 Mar 2020 19:34:18 GMT - Debug - auth.service - login with email: shaked
Sat, 28 Mar 2020 19:35:05 GMT - Debug - auth.service - login with email: shakedkt
Sat, 28 Mar 2020 20:06:51 GMT - Info - Server is running on port: 3030
Sat, 28 Mar 2020 22:20:37 GMT - Info - Server is running on port: 3030
Sat, 28 Mar 2020 22:41:04 GMT - Debug - auth.service - login with email: shakedkt
Sun, 29 Mar 2020 07:53:54 GMT - Debug - auth.service - login with email: shakedkt
Sun, 29 Mar 2020 10:44:51 GMT - Debug - auth.service - login with email: guest
Sun, 29 Mar 2020 10:46:43 GMT - Info - Server is running on port: 3030
Sun, 29 Mar 2020 10:46:56 GMT - Debug - auth.service - login with email: guest
Sun, 29 Mar 2020 11:08:42 GMT - Debug - auth.service - login with email: ll
Sun, 29 Mar 2020 11:08:59 GMT - Debug - auth.service - login with email: njnn
Sun, 29 Mar 2020 11:09:08 GMT - Debug - auth.service - login with email: guest
Sun, 29 Mar 2020 11:14:46 GMT - Debug - auth.service - login with email: guest
Sun, 29 Mar 2020 11:19:21 GMT - Debug - auth.service - login with email: shakedkt
Sun, 29 Mar 2020 12:28:22 GMT - Info - Server is running on port: 3030
Sun, 29 Mar 2020 12:28:44 GMT - Debug - auth.service - login with email: guest
Sun, 29 Mar 2020 12:29:39 GMT - Debug - auth.service - login with email: shakedkt
Sun, 29 Mar 2020 12:30:05 GMT - Debug - auth.service - login with email: guest
Sun, 29 Mar 2020 12:30:24 GMT - Debug - auth.service - login with email: shakedkt
Sun, 29 Mar 2020 12:36:22 GMT - Info - Server is running on port: 3030
Sun, 29 Mar 2020 12:37:46 GMT - Debug - auth.service - login with email: shakedkt
Sun, 29 Mar 2020 12:39:30 GMT - Debug - auth.service - login with email: shakedkt
Sun, 29 Mar 2020 12:40:24 GMT - Debug - auth.service - login with email: shakedkt
Sun, 29 Mar 2020 13:05:41 GMT - Debug - auth.service - login with email: shakedkt
Sun, 29 Mar 2020 13:11:54 GMT - Debug - auth.service - login with email: guest
Sun, 29 Mar 2020 13:30:05 GMT - Debug - auth.service - login with email: shakedkt
Sun, 29 Mar 2020 13:30:22 GMT - Debug - auth.service - login with email: shakedkt
Sun, 29 Mar 2020 13:32:48 GMT - Debug - auth.service - login with email: guest
Sun, 29 Mar 2020 13:38:15 GMT - Debug - auth.service - login with email: shakedkt
Sun, 29 Mar 2020 18:28:22 GMT - Debug - auth.service - login with email: guest
Mon, 30 Mar 2020 08:10:41 GMT - Info - Server is running on port: 3030
Mon, 30 Mar 2020 08:11:50 GMT - Info - Server is running on port: 3030
Mon, 30 Mar 2020 08:14:56 GMT - Info - Server is running on port: 3030
Mon, 30 Mar 2020 08:26:24 GMT - Debug - auth.service - login with email: shakedkt
Mon, 30 Mar 2020 08:28:34 GMT - Info - Server is running on port: 3030
Mon, 30 Mar 2020 09:46:20 GMT - Info - Server is running on port: 3030
Mon, 30 Mar 2020 09:46:30 GMT - Debug - auth.service - login with email: shakedkt
Mon, 30 Mar 2020 09:47:43 GMT - Info - Server is running on port: 3030
Mon, 30 Mar 2020 09:49:46 GMT - Info - Server is running on port: 3030
Mon, 30 Mar 2020 09:51:01 GMT - Debug - auth.service - login with email: shakedkt
Mon, 30 Mar 2020 09:53:37 GMT - Info - Server is running on port: 3030
Mon, 30 Mar 2020 10:58:20 GMT - Debug - auth.service - login with email: guest
Mon, 30 Mar 2020 10:59:40 GMT - Debug - auth.service - login with email: guest
Mon, 30 Mar 2020 11:30:06 GMT - Debug - auth.service - login with email: guest
Mon, 30 Mar 2020 11:57:57 GMT - Info - Server is running on port: 3030
Mon, 30 Mar 2020 11:58:06 GMT - Debug - auth.service - login with email: shakedkt
Mon, 30 Mar 2020 12:01:26 GMT - Info - Server is running on port: 3030
Mon, 30 Mar 2020 12:01:40 GMT - Debug - auth.service - login with email: shakedkt
Mon, 30 Mar 2020 12:03:26 GMT - Info - Server is running on port: 3030
Mon, 30 Mar 2020 12:03:49 GMT - Debug - auth.service - login with email: shakedkt
Mon, 30 Mar 2020 12:05:50 GMT - Info - Server is running on port: 3030
Mon, 30 Mar 2020 12:06:08 GMT - Debug - auth.service - login with email: shakedkt
Mon, 30 Mar 2020 12:12:35 GMT - Info - Server is running on port: 3030
Mon, 30 Mar 2020 12:13:25 GMT - Debug - auth.service - login with email: shakedkt
Mon, 30 Mar 2020 12:27:52 GMT - Info - Server is running on port: 3030
Mon, 30 Mar 2020 12:28:10 GMT - Debug - auth.service - login with email: shakedkt
Mon, 30 Mar 2020 12:29:23 GMT - Info - Server is running on port: 3030
Mon, 30 Mar 2020 12:29:36 GMT - Debug - auth.service - login with email: shakedkt
Mon, 30 Mar 2020 12:31:40 GMT - Info - Server is running on port: 3030
Mon, 30 Mar 2020 12:31:49 GMT - Debug - auth.service - login with email: shakedkt
Mon, 30 Mar 2020 12:33:07 GMT - Info - Server is running on port: 3030
Mon, 30 Mar 2020 12:33:19 GMT - Debug - auth.service - login with email: shakedkt
Mon, 30 Mar 2020 12:46:50 GMT - Debug - auth.service - login with email: shakedkt
Mon, 30 Mar 2020 12:52:26 GMT - Debug - auth.service - login with email: shakedkt
Mon, 30 Mar 2020 13:05:17 GMT - Debug - auth.service - login with email: shakedkt
Sat, 04 Apr 2020 09:00:44 GMT - Info - Server is running on port: 3030
Sat, 04 Apr 2020 09:13:19 GMT - Info - Server is running on port: 3030
Sat, 04 Apr 2020 09:14:04 GMT - Info - Server is running on port: 3030
Sat, 04 Apr 2020 09:14:53 GMT - Info - Server is running on port: 3030
Sat, 04 Apr 2020 09:23:51 GMT - Info - Server is running on port: 3030
Sat, 04 Apr 2020 09:27:04 GMT - Info - Server is running on port: 3030
Sat, 04 Apr 2020 09:27:44 GMT - Debug - auth.service - login with email: guest
Sat, 04 Apr 2020 09:30:11 GMT - Info - Server is running on port: 3030
Sat, 04 Apr 2020 09:30:30 GMT - Debug - auth.service - login with email: shakedkt
Sat, 04 Apr 2020 09:51:54 GMT - Info - Server is running on port: 3030
Sat, 04 Apr 2020 10:01:07 GMT - Debug - auth.service - login with email: shakedkt
Sat, 04 Apr 2020 10:27:02 GMT - Debug - auth.service - login with email: shakedkt
Sat, 04 Apr 2020 10:34:45 GMT - Debug - auth.service - login with email: shakedkt
Sat, 04 Apr 2020 10:37:12 GMT - Debug - auth.service - login with email: shakedkt
Sat, 04 Apr 2020 10:43:07 GMT - Info - Server is running on port: 3030
Sat, 04 Apr 2020 10:47:32 GMT - Info - Server is running on port: 3030
Sat, 04 Apr 2020 10:47:50 GMT - Debug - auth.service - login with email: shakedkt
Sat, 04 Apr 2020 10:50:33 GMT - Info - Server is running on port: 3030
Sat, 04 Apr 2020 10:50:43 GMT - Debug - auth.service - login with email: shakedkt
Sat, 04 Apr 2020 10:52:09 GMT - Info - Server is running on port: 3030
Sat, 04 Apr 2020 10:52:20 GMT - Debug - auth.service - login with email: shakedkt
Sat, 04 Apr 2020 10:54:00 GMT - Debug - auth.service - login with email: shakedkt
Sat, 04 Apr 2020 10:57:17 GMT - Info - Server is running on port: 3030
Sat, 04 Apr 2020 10:57:29 GMT - Debug - auth.service - login with email: shakedkt
Sat, 04 Apr 2020 15:58:21 GMT - Info - Server is running on port: 3030
Sat, 04 Apr 2020 15:59:10 GMT - Debug - auth.service - login with email: shakedkt
Sat, 04 Apr 2020 16:14:28 GMT - Debug - auth.service - login with email: shakedkt
Sat, 04 Apr 2020 16:23:21 GMT - Debug - auth.service - login with email: shakedkt
Wed, 15 Apr 2020 19:36:35 GMT - Info - Server is running on port: 3030
Wed, 15 Apr 2020 20:40:49 GMT - Info - Server is running on port: 3030
Wed, 15 Apr 2020 20:42:48 GMT - Debug - auth.service - login with email: guest
Sun, 26 Apr 2020 15:35:03 GMT - Info - Server is running on port: 3030
Sun, 26 Apr 2020 16:17:50 GMT - Debug - auth.service - login with email: guest
Sun, 26 Apr 2020 16:31:23 GMT - Debug - auth.service - login with email: guest
Sun, 26 Apr 2020 16:47:30 GMT - Info - Server is running on port: 3030
Sun, 26 Apr 2020 17:23:17 GMT - Debug - auth.service - login with email: guest
Sun, 26 Apr 2020 18:23:42 GMT - Debug - auth.service - login with email: shakedkt
Mon, 27 Apr 2020 12:01:21 GMT - Debug - auth.service - login with email: guest
Mon, 27 Apr 2020 12:03:00 GMT - Debug - auth.service - login with email: guest
Mon, 27 Apr 2020 16:32:31 GMT - Info - Server is running on port: 3030
Mon, 27 Apr 2020 16:49:51 GMT - Info - Server is running on port: 3030
Mon, 27 Apr 2020 16:53:59 GMT - Debug - auth.service - login with email: shake
Mon, 27 Apr 2020 16:54:09 GMT - Debug - auth.service - login with email: shakedkt
Mon, 27 Apr 2020 16:56:15 GMT - Debug - shakedkat@gmail.com, undefined, 12345678
Mon, 27 Apr 2020 16:56:15 GMT - Debug - auth.service - signup with email: shakedkat@gmail.com, username: undefined
Mon, 27 Apr 2020 16:56:15 GMT - Error - [SIGNUP] email, username and password are required!
Mon, 27 Apr 2020 17:02:05 GMT - Debug - shakedkat@gmail.com, undefined, 123456789
Mon, 27 Apr 2020 17:02:05 GMT - Debug - auth.service - signup with email: shakedkat@gmail.com, username: undefined
Mon, 27 Apr 2020 17:02:05 GMT - Error - [SIGNUP] email, username and password are required!
Mon, 27 Apr 2020 17:05:40 GMT - Info - Server is running on port: 3030
Mon, 27 Apr 2020 17:05:59 GMT - Debug - shakedkat@gmail.com, undefined, 123456789
Mon, 27 Apr 2020 17:05:59 GMT - Debug - auth.service - signup with email: shakedkat@gmail.com, username: undefined
Mon, 27 Apr 2020 17:05:59 GMT - Error - [SIGNUP] email, username and password are required!
Mon, 27 Apr 2020 17:11:18 GMT - Info - Server is running on port: 3030
Mon, 27 Apr 2020 17:11:37 GMT - Debug - shakedkat@gmail.com, undefined,shak, 123456789
Mon, 27 Apr 2020 17:11:37 GMT - Debug - auth.service - signup with email: shakedkat@gmail.com, username: shak
Mon, 27 Apr 2020 17:11:37 GMT - Error - [SIGNUP] email, username and password are required!
Mon, 27 Apr 2020 17:19:32 GMT - Info - Server is running on port: 3030
Mon, 27 Apr 2020 17:21:23 GMT - Debug - shakedkat@gmail.com, undefined,shak, 123456789
Mon, 27 Apr 2020 17:21:23 GMT - Debug - auth.service - signup with email: shakedkat@gmail.com, username: undefined, password: shak, fullname: 123456789
Mon, 27 Apr 2020 17:21:23 GMT - Error - [SIGNUP] email, username and password are required!
Mon, 27 Apr 2020 17:23:47 GMT - Info - Server is running on port: 3030
Mon, 27 Apr 2020 17:24:05 GMT - Debug - shakedkat@gmail.com, shaked katsir,shak, 123456789
Mon, 27 Apr 2020 17:24:05 GMT - Debug - auth.service - signup with email: shakedkat@gmail.com, username: shaked katsir, password: shak, fullname: 123456789
Mon, 27 Apr 2020 17:24:05 GMT - Debug - auth.route - new account created: {"email":"shakedkat@gmail.com","password":"$2b$10$w8ge6puMXBoqRWFusLTcT.ObAn03ns5KEr6EQ.uVZY.aJ9jSskVyy","username":"shaked katsir","_id":"5ea715354e1c7e9fec54a9d4"}
Mon, 27 Apr 2020 17:24:05 GMT - Debug - auth.service - login with email: shakedkat@gmail.com
Mon, 27 Apr 2020 17:24:05 GMT - Error - [SIGNUP] Invalid userName or password
Mon, 27 Apr 2020 17:27:59 GMT - Info - Server is running on port: 3030
Mon, 27 Apr 2020 17:28:25 GMT - Debug - shakedkat@walla.com, shaked katsir,shak, 123456789
Mon, 27 Apr 2020 17:28:25 GMT - Debug - auth.service - signup with email: shakedkat@walla.com, username: shaked katsir, password: shak, fullname: 123456789
Mon, 27 Apr 2020 17:28:25 GMT - Debug - auth.route - new account created: {"email":"shakedkat@walla.com","password":"$2b$10$d74k8DaJrob7RzMRrhmYCuN1bgyj/yxTGOYpDAexB/iqJD68Nz4Gy","username":"shaked katsir","_id":"5ea716391b0feda032ce5949"}
Mon, 27 Apr 2020 17:37:05 GMT - Info - Server is running on port: 3030
Mon, 27 Apr 2020 17:38:00 GMT - Debug - shakedkat@gmail.com, shaked katsir,shak, 123456789
Mon, 27 Apr 2020 17:38:00 GMT - Debug - auth.service - signup with email: shakedkat@gmail.com, username: shak, password: 123456789, fullname: shaked katsir
Mon, 27 Apr 2020 17:38:00 GMT - Debug - auth.route - new account created: {"email":"shakedkat@gmail.com","password":"$2b$10$V7hX86VXdmvRfUH0Qvgg0e5imwCRcYhLMN0tuMZaVyVCbZuhduEa.","username":"shak","_id":"5ea718780a04a3a0ee6c1c81"}
Mon, 27 Apr 2020 17:40:32 GMT - Info - Server is running on port: 3030
Mon, 27 Apr 2020 17:40:54 GMT - Debug - shakedkat@gmail.com, shaked katsirrr,sh, 123456789
Mon, 27 Apr 2020 17:40:54 GMT - Debug - auth.service - signup with email: shakedkat@gmail.com, username: sh, password: 123456789, fullname: shaked katsirrr
Mon, 27 Apr 2020 17:40:54 GMT - Debug - auth.route - new account created: {"email":"shakedkat@gmail.com","password":"$2b$10$mEJJTNBy80fm/W2dtf7qtOwdQuth8MZpt9zgyagLyY5XSSJ8O/ZrG","username":"sh","fullName":"shaked katsirrr","_id":"5ea71926d3ef65a13fd742b7"}
Mon, 27 Apr 2020 17:42:00 GMT - Debug - shakedkat@gmail.com, shaked katsir,shak, 123456789
Mon, 27 Apr 2020 17:42:00 GMT - Debug - auth.service - signup with email: shakedkat@gmail.com, username: shak, password: 123456789, fullname: shaked katsir
Mon, 27 Apr 2020 17:42:00 GMT - Debug - auth.route - new account created: {"email":"shakedkat@gmail.com","password":"$2b$10$B3Jx.EM.6y5HhOShKU.4b.oEGkt9iAYQ/Y6KQe9wvXDjWRanNnc8C","username":"shak","fullName":"shaked katsir","_id":"5ea71968d3ef65a13fd742b8"}
Mon, 27 Apr 2020 17:42:17 GMT - Debug - auth.service - login with email: shak
Mon, 27 Apr 2020 17:42:55 GMT - Debug - auth.service - login with email: shak
Mon, 27 Apr 2020 17:49:08 GMT - Debug - auth.service - login with email: shak
Mon, 27 Apr 2020 17:50:39 GMT - Info - Server is running on port: 3030
Mon, 27 Apr 2020 17:51:08 GMT - Debug - auth.service - login with email: shak
Mon, 27 Apr 2020 18:00:00 GMT - Info - Server is running on port: 3030
Mon, 27 Apr 2020 18:00:15 GMT - Debug - shakedkat@gmail.com, shaked katsir,shak
Mon, 27 Apr 2020 18:00:15 GMT - Debug - auth.service - signup with email: shakedkat@gmail.com, username: shak, fullname: shaked katsir
Mon, 27 Apr 2020 18:00:15 GMT - Debug - auth.route - new account created: {"email":"shakedkat@gmail.com","password":"$2b$10$4/ARYJjglTWXR8utXPbMJ.G7XykQcRPHP.fypPxak8s7MmbiH4UqG","userName":"shak","fullName":"shaked katsir","_id":"5ea71daffeefada3500d6493"}
Mon, 27 Apr 2020 18:00:37 GMT - Debug - auth.service - login with email: shak
Mon, 27 Apr 2020 18:02:34 GMT - Info - Server is running on port: 3030
Mon, 27 Apr 2020 18:02:47 GMT - Debug - auth.service - login with email: shak
Mon, 27 Apr 2020 18:04:13 GMT - Debug - auth.service - login with email: shak
Mon, 27 Apr 2020 18:04:25 GMT - Info - Server is running on port: 3030
Mon, 27 Apr 2020 18:05:44 GMT - Info - Server is running on port: 3030
Mon, 27 Apr 2020 18:08:35 GMT - Debug - auth.service - login with email: shak
Mon, 27 Apr 2020 19:25:33 GMT - Debug - shakedkat@gmail.com, shaked kat,sh
Mon, 27 Apr 2020 19:25:33 GMT - Debug - auth.service - signup with email: shakedkat@gmail.com, username: sh, fullname: shaked kat
Mon, 27 Apr 2020 19:25:33 GMT - Debug - auth.route - new account created: {"email":"shakedkat@gmail.com","password":"$2b$10$J.d9En3/V7c3sUu7pM2dg.3lvwRNMtGRebYSsQ0UO/08HoEj2CX/G","userName":"sh","fullName":"shaked kat","_id":"5ea731ad5b8dcea3ea90d4c2"}
Tue, 28 Apr 2020 10:09:58 GMT - Info - Server is running on port: 3030
Tue, 28 Apr 2020 10:10:49 GMT - Debug - shakedkat@gmail.com, shaked katsir,sha
Tue, 28 Apr 2020 10:10:49 GMT - Debug - auth.service - signup with email: shakedkat@gmail.com, username: sha, fullname: shaked katsir
Tue, 28 Apr 2020 10:10:49 GMT - Debug - auth.route - new account created: {"email":"shakedkat@gmail.com","password":"$2b$10$dnOFbUMsbWeb/ZrVBhjcKOpTeaWY3v0mnnSmTkIUZU2gWLhuY5S9.","userName":"sha","fullName":"shaked katsir","avatar":"https://i.imgur.com/tR6ajVu.jpg","isAdmin":false,"isGuest":false,"followers":[],"following":[],"posts":[],"likeCount":0,"_id":"5ea80129e001bbabbfee4810"}
Tue, 28 Apr 2020 10:11:18 GMT - Debug - auth.service - login with email: sha
Tue, 28 Apr 2020 11:33:36 GMT - Info - Server is running on port: 3030
Tue, 28 Apr 2020 12:32:31 GMT - Info - Server is running on port: 3030
Tue, 28 Apr 2020 12:32:57 GMT - Debug - auth.service - login with email: guest
Tue, 28 Apr 2020 12:33:48 GMT - Debug - auth.service - login with email: guest
Tue, 28 Apr 2020 12:35:23 GMT - Info - Server is running on port: 3030
Tue, 28 Apr 2020 12:35:41 GMT - Debug - auth.service - login with email: guest
Tue, 28 Apr 2020 12:38:04 GMT - Debug - auth.service - login with email: guest
Tue, 28 Apr 2020 12:39:05 GMT - Debug - shakedkt@walla.com, guest,guest
Tue, 28 Apr 2020 12:39:05 GMT - Debug - auth.service - signup with email: shakedkt@walla.com, username: guest, fullname: guest
Tue, 28 Apr 2020 12:39:06 GMT - Debug - auth.route - new account created: {"email":"shakedkt@walla.com","password":"$2b$10$KVMtlwvkB2MP8jjmY49iFuGRCWdCSbZkd3nj3gu3hixqfaFmerinm","userName":"guest","fullName":"guest","avatar":"https://i.imgur.com/tR6ajVu.jpg","isAdmin":false,"isGuest":false,"followers":[],"following":[],"posts":[],"likeCount":0,"_id":"5ea823ea29b573ba93cb1b4e"}
Tue, 28 Apr 2020 12:40:03 GMT - Debug - auth.service - login with email: guest
Tue, 28 Apr 2020 12:52:10 GMT - Info - Server is running on port: 3030
Tue, 28 Apr 2020 12:53:12 GMT - Info - Server is running on port: 3030
Tue, 28 Apr 2020 13:08:08 GMT - Info - Server is running on port: 3030
Tue, 28 Apr 2020 13:19:31 GMT - Info - Server is running on port: 3030
Tue, 28 Apr 2020 13:21:23 GMT - Info - Server is running on port: 3030
Tue, 28 Apr 2020 13:22:14 GMT - Info - Server is running on port: 3030
Tue, 28 Apr 2020 13:22:55 GMT - Info - Server is running on port: 3030
Tue, 28 Apr 2020 13:23:00 GMT - Debug - auth.service - login with email: guest
Tue, 28 Apr 2020 13:25:40 GMT - Info - Server is running on port: 3030
Tue, 28 Apr 2020 13:29:09 GMT - Info - Server is running on port: 3030
Tue, 28 Apr 2020 13:30:14 GMT - Info - Server is running on port: 3030
Tue, 28 Apr 2020 13:33:10 GMT - Info - Server is running on port: 3030
Tue, 28 Apr 2020 13:34:07 GMT - Info - Server is running on port: 3030
Tue, 28 Apr 2020 13:37:30 GMT - Debug - auth.service - login with email: shakedkt
Tue, 28 Apr 2020 13:37:39 GMT - Debug - auth.service - login with email: shakedkt
Tue, 28 Apr 2020 13:38:13 GMT - Debug - auth.service - login with email: shakedkt
Tue, 28 Apr 2020 13:40:03 GMT - Debug - shakedkat@gmail.com, shaked katsir,shakedkt
Tue, 28 Apr 2020 13:40:03 GMT - Debug - auth.service - signup with email: shakedkat@gmail.com, username: shakedkt, fullname: shaked katsir
Tue, 28 Apr 2020 13:40:03 GMT - Debug - auth.route - new account created: {"email":"shakedkat@gmail.com","password":"$2b$10$eTThc4vSTGxx4Oe6o3RnBeLHy/JHSMnfzZ1Yw.Eww4LbUVXoR5iSu","userName":"shakedkt","fullName":"shaked katsir","avatar":"https://i.imgur.com/tR6ajVu.jpg","isAdmin":false,"isGuest":false,"followers":[],"following":[],"posts":[],"likeCount":0,"_id":"5ea832335b9968becf87f115"}
Tue, 28 Apr 2020 13:42:45 GMT - Debug - auth.service - login with email: shakedkt
Tue, 28 Apr 2020 13:44:10 GMT - Debug - auth.service - login with email: shakedkt
Tue, 28 Apr 2020 13:46:59 GMT - Info - Server is running on port: 3030
Tue, 28 Apr 2020 13:51:50 GMT - Debug - auth.service - login with email: shakedkt
Tue, 28 Apr 2020 16:24:04 GMT - Info - Server is running on port: 3030
Wed, 29 Apr 2020 09:16:45 GMT - Info - Server is running on port: 3030
Wed, 29 Apr 2020 09:18:52 GMT - Info - Server is running on port: 3030
Wed, 29 Apr 2020 09:21:23 GMT - Info - Server is running on port: 3030
Wed, 29 Apr 2020 09:22:51 GMT - Info - Server is running on port: 3030
Wed, 29 Apr 2020 09:23:56 GMT - Info - Server is running on port: 3030
Thu, 30 Apr 2020 12:55:06 GMT - Debug - maayan@maaykan.com, maayan K,MK
Thu, 30 Apr 2020 12:55:06 GMT - Debug - auth.service - signup with email: maayan@maaykan.com, username: MK, fullname: maayan K
Thu, 30 Apr 2020 12:55:06 GMT - Debug - auth.route - new account created: {"email":"maayan@maaykan.com","password":"$2b$10$Yr0jkpm43cIGO.2Koj5qUu0fzL2BwPiNH7t4UMToPoyX42DinkXbW","userName":"MK","fullName":"maayan K","avatar":"https://i.imgur.com/tR6ajVu.jpg","isAdmin":false,"isGuest":false,"followers":[],"following":[],"posts":[],"likeCount":0,"_id":"5eaacaaa11b636e335641492"}
Thu, 30 Apr 2020 12:56:53 GMT - Debug - auth.service - login with email: MK
Thu, 30 Apr 2020 12:57:14 GMT - Debug - auth.service - login with email: MK
Thu, 30 Apr 2020 12:57:46 GMT - Debug - auth.service - login with email: MK
Thu, 30 Apr 2020 12:57:55 GMT - Debug - auth.service - login with email: shakedkt
Thu, 30 Apr 2020 12:58:03 GMT - Debug - auth.service - login with email: shakedkt
Thu, 30 Apr 2020 12:58:21 GMT - Debug - auth.service - login with email: MK
Thu, 30 Apr 2020 13:10:28 GMT - Debug - auth.service - login with email: shakedkt
Thu, 30 Apr 2020 14:27:49 GMT - Debug - auth.service - login with email: shakedkt
Fri, 01 May 2020 00:07:33 GMT - Info - Server is running on port: 3030
Fri, 01 May 2020 00:07:50 GMT - Debug - auth.service - login with email: guest
Fri, 01 May 2020 00:10:13 GMT - Debug - auth.service - login with email: guest
Fri, 01 May 2020 00:12:38 GMT - Debug - auth.service - login with email: guest
Fri, 01 May 2020 00:13:41 GMT - Debug - auth.service - login with email: guest
Fri, 01 May 2020 00:14:57 GMT - Debug - auth.service - login with email: guest
Fri, 01 May 2020 00:18:01 GMT - Debug - auth.service - login with email: guest
Fri, 01 May 2020 00:19:21 GMT - Debug - auth.service - login with email: guest
